<?xml version="1.0" encoding="UTF-8"?>
<!-- Generated by org.testng.reporters.JUnitReportReporter -->
<testsuite hostname="user" failures="0" tests="8" name="com.sat2credit.testcases.LoginScreen" time="0.502" errors="0" timestamp="2022-06-22T17:40:14 IST" skipped="0">
  <testcase classname="com.sat2credit.testcases.LoginScreen" name="verifyTitleText_TC001" time="0.131"/>
  <system-out/>
  <testcase classname="com.sat2credit.testcases.LoginScreen" name="verifyPhoneNumberInput_TC002" time="0.050"/>
  <system-out/>
  <testcase classname="com.sat2credit.testcases.LoginScreen" name="clickOnPhoneNumber_TC003" time="0.122"/>
  <system-out/>
  <testcase classname="com.sat2credit.testcases.LoginScreen" name="verifyPasswordInput_TC005" time="0.049"/>
  <system-out/>
  <testcase classname="com.sat2credit.testcases.LoginScreen" name="clickOnPassword_TC006" time="0.068"/>
  <system-out/>
  <testcase classname="com.sat2credit.testcases.LoginScreen" name="verifyEyeButton_TC009" time="0.023"/>
  <system-out/>
  <testcase classname="com.sat2credit.testcases.LoginScreen" name="clickOnEyeButton_TC010" time="0.045"/>
  <system-out/>
  <testcase classname="com.sat2credit.testcases.LoginScreen" name="verifyLoginButton_TC014" time="0.014"/>
  <system-out/>
</testsuite> <!-- com.sat2credit.testcases.LoginScreen -->
