<?xml version="1.0" encoding="UTF-8"?>
<!-- Generated by org.testng.reporters.JUnitReportReporter -->
<testsuite hostname="DESKTOP-74CU5GP" failures="0" tests="1" name="com.sat2credit.testcases.tet" time="0.024" errors="0" timestamp="2022-03-25T11:48:06 IST" skipped="0">
  <testcase classname="com.sat2credit.testcases.tet" name="main" time="0.024"/>
  <system-out/>
</testsuite> <!-- com.sat2credit.testcases.tet -->
