<?xml version="1.0" encoding="UTF-8"?>
<!-- Generated by org.testng.reporters.JUnitReportReporter -->
<testsuite hostname="DESKTOP-74CU5GP" failures="0" tests="22" name="com.sat2credit.testcases.HomeScreen" time="21.505" errors="0" timestamp="2022-03-30T18:34:36 IST" skipped="0">
  <testcase classname="com.sat2credit.testcases.HomeScreen" name="moveTOHomePage" time="4.425"/>
  <system-out/>
  <testcase classname="com.sat2credit.testcases.HomeScreen" name="verifyUser_TC01" time="0.425"/>
  <system-out/>
  <testcase classname="com.sat2credit.testcases.HomeScreen" name="verifyPortfolioLink_TC02" time="0.086"/>
  <system-out/>
  <testcase classname="com.sat2credit.testcases.HomeScreen" name="verifyFarmNameText_TC03" time="0.122"/>
  <system-out/>
  <testcase classname="com.sat2credit.testcases.HomeScreen" name="verifyFarmDetailsLink_TC04" time="0.074"/>
  <system-out/>
  <testcase classname="com.sat2credit.testcases.HomeScreen" name="verifyCreditScoreLink_TC05" time="0.073"/>
  <system-out/>
  <testcase classname="com.sat2credit.testcases.HomeScreen" name="verifyRisksLink_TC06" time="0.069"/>
  <system-out/>
  <testcase classname="com.sat2credit.testcases.HomeScreen" name="verifyVerificationLink_TC07" time="0.077"/>
  <system-out/>
  <testcase classname="com.sat2credit.testcases.HomeScreen" name="verifyIncomeStatementLink_TC08" time="0.079"/>
  <system-out/>
  <testcase classname="com.sat2credit.testcases.HomeScreen" name="verifySMMonitoringLink_TC09" time="0.082"/>
  <system-out/>
  <testcase classname="com.sat2credit.testcases.HomeScreen" name="verifyVHIMonitoringLink_TC10" time="0.099"/>
  <system-out/>
  <testcase classname="com.sat2credit.testcases.HomeScreen" name="clickOnFarmDetailsLink_TC11" time="0.233"/>
  <system-out/>
  <testcase classname="com.sat2credit.testcases.HomeScreen" name="clickOnCreditScoreLink_TC12" time="0.271"/>
  <system-out/>
  <testcase classname="com.sat2credit.testcases.HomeScreen" name="clickOnVerificationLink_TC13" time="0.179"/>
  <system-out/>
  <testcase classname="com.sat2credit.testcases.HomeScreen" name="clickOnRisksLink_TC14" time="0.145"/>
  <system-out/>
  <testcase classname="com.sat2credit.testcases.HomeScreen" name="clickeOnIncoomeStatementLink_TC15" time="0.194"/>
  <system-out/>
  <testcase classname="com.sat2credit.testcases.HomeScreen" name="clickOnSMMonitoringLink_TC16" time="0.156"/>
  <system-out/>
  <testcase classname="com.sat2credit.testcases.HomeScreen" name="clickONVHIStatementLink_TC17" time="0.942"/>
  <system-out/>
  <testcase classname="com.sat2credit.testcases.HomeScreen" name="verifyFarmsListScroll_TC18" time="5.006"/>
  <system-out/>
  <testcase classname="com.sat2credit.testcases.HomeScreen" name="verifyFarmDetailsScroll_TC019" time="7.370"/>
  <system-out/>
  <testcase classname="com.sat2credit.testcases.HomeScreen" name="verifyLogOutButton_TC20" time="0.174"/>
  <system-out/>
  <testcase classname="com.sat2credit.testcases.HomeScreen" name="clickOnLogOutButton_TC21" time="1.224"/>
  <system-out/>
</testsuite> <!-- com.sat2credit.testcases.HomeScreen -->
