<?xml version="1.0" encoding="UTF-8"?>
<!-- Generated by org.testng.reporters.JUnitReportReporter -->
<testsuite hostname="user" failures="0" tests="15" name="com.sat2credit.testcases.LoginScreen" time="8.586" errors="0" timestamp="2022-10-07T14:31:24 IST" skipped="0">
  <testcase classname="com.sat2credit.testcases.LoginScreen" name="verifyTitleText_TC001" time="1.318"/>
  <system-out/>
  <testcase classname="com.sat2credit.testcases.LoginScreen" name="verifyPhoneNumberInput_TC002" time="0.183"/>
  <system-out/>
  <testcase classname="com.sat2credit.testcases.LoginScreen" name="clickOnPhoneNumber_TC003" time="0.704"/>
  <system-out/>
  <testcase classname="com.sat2credit.testcases.LoginScreen" name="enterPhoneNumberInField_TC004" time="0.218"/>
  <system-out/>
  <testcase classname="com.sat2credit.testcases.LoginScreen" name="verifyPasswordInput_TC005" time="0.298"/>
  <system-out/>
  <testcase classname="com.sat2credit.testcases.LoginScreen" name="clickOnPassword_TC006" time="0.562"/>
  <system-out/>
  <testcase classname="com.sat2credit.testcases.LoginScreen" name="enterPasswordInField_TC007" time="0.085"/>
  <system-out/>
  <testcase classname="com.sat2credit.testcases.LoginScreen" name="verifyPasswordEncryption_TC008" time="0.131"/>
  <system-out/>
  <testcase classname="com.sat2credit.testcases.LoginScreen" name="verifyEyeButton_TC009" time="0.034"/>
  <system-out/>
  <testcase classname="com.sat2credit.testcases.LoginScreen" name="clickOnEyeButton_TC010" time="0.293"/>
  <system-out/>
  <testcase classname="com.sat2credit.testcases.LoginScreen" name="verifyPasswordUnencription_TC011" time="0.038"/>
  <system-out/>
  <testcase classname="com.sat2credit.testcases.LoginScreen" name="verifyPhoneNumberWarningMessage_TC012" time="0.326"/>
  <system-out/>
  <testcase classname="com.sat2credit.testcases.LoginScreen" name="verifyPasswordWarningMessage_TC013" time="1.322"/>
  <system-out/>
  <testcase classname="com.sat2credit.testcases.LoginScreen" name="verifyLoginButton_TC014" time="0.016"/>
  <system-out/>
  <testcase classname="com.sat2credit.testcases.LoginScreen" name="enterValidCredentialsAndClickLoginButton_TC015" time="3.058"/>
  <system-out/>
</testsuite> <!-- com.sat2credit.testcases.LoginScreen -->
