<?xml version="1.0" encoding="UTF-8"?>
<!-- Generated by org.testng.reporters.JUnitReportReporter -->
<testsuite hostname="user" failures="0" tests="11" name="com.sat2credit.testcases.ForgotPasswordLinkVerification" time="9.430" errors="0" timestamp="2022-12-26T17:04:29 IST" skipped="0">
  <testcase classname="com.sat2credit.testcases.ForgotPasswordLinkVerification" name="verifyForgotPasswordLink_TC01" time="0.048"/>
  <system-out/>
  <testcase classname="com.sat2credit.testcases.ForgotPasswordLinkVerification" name="clickOnForgotPasswordLink_TC02" time="0.105"/>
  <system-out/>
  <testcase classname="com.sat2credit.testcases.ForgotPasswordLinkVerification" name="verifyForgotPasswordPopUp_TC03" time="0.161"/>
  <system-out/>
  <testcase classname="com.sat2credit.testcases.ForgotPasswordLinkVerification" name="verifyForgotPasswordPopUpTitle_TC04" time="0.076"/>
  <system-out/>
  <testcase classname="com.sat2credit.testcases.ForgotPasswordLinkVerification" name="verifyForgotPasswordPhoneNumInput_TC05" time="0.059"/>
  <system-out/>
  <testcase classname="com.sat2credit.testcases.ForgotPasswordLinkVerification" name="verifyForgotPasswordSendButton_TC06" time="0.060"/>
  <system-out/>
  <testcase classname="com.sat2credit.testcases.ForgotPasswordLinkVerification" name="clickOnForgotPasswordPhoneNumInput_TC07" time="0.092"/>
  <system-out/>
  <testcase classname="com.sat2credit.testcases.ForgotPasswordLinkVerification" name="enterPhoneNumOfForgotPasswordField_TC08" time="0.069"/>
  <system-out/>
  <testcase classname="com.sat2credit.testcases.ForgotPasswordLinkVerification" name="enterBlankValueAndVerifyWarningMsg_TC09" time="0.146"/>
  <system-out/>
  <testcase classname="com.sat2credit.testcases.ForgotPasswordLinkVerification" name="enterInvalidValueANDverifyPopUpMsg_TC10" time="4.316"/>
  <system-out/>
  <testcase classname="com.sat2credit.testcases.ForgotPasswordLinkVerification" name="enterValidValueANDverifyPopUpMsg_TC11" time="4.298"/>
  <system-out/>
</testsuite> <!-- com.sat2credit.testcases.ForgotPasswordLinkVerification -->
