<?xml version="1.0" encoding="UTF-8"?>
<!-- Generated by org.testng.reporters.JUnitReportReporter -->
<testsuite hostname="DESKTOP-74CU5GP" failures="0" tests="15" name="com.sat2credit.testcases.LoginScreen" time="4.934" errors="0" timestamp="2022-03-31T11:55:16 IST" skipped="1">
  <testcase classname="com.sat2credit.testcases.LoginScreen" name="verifyTitleText_TC001" time="0.277"/>
  <system-out/>
  <testcase classname="com.sat2credit.testcases.LoginScreen" name="verifyPhoneNumberInput_TC002" time="0.066"/>
  <system-out/>
  <testcase classname="com.sat2credit.testcases.LoginScreen" name="clickOnPhoneNumber_TC003" time="0.142"/>
  <system-out/>
  <testcase classname="com.sat2credit.testcases.LoginScreen" name="enterPhoneNumberInField_TC004" time="0.124"/>
  <system-out/>
  <testcase classname="com.sat2credit.testcases.LoginScreen" name="verifyPasswordInput_TC005" time="0.056"/>
  <system-out/>
  <testcase classname="com.sat2credit.testcases.LoginScreen" name="clickOnPassword_TC006" time="0.144"/>
  <system-out/>
  <testcase classname="com.sat2credit.testcases.LoginScreen" name="enterPasswordInField_TC007" time="0.158"/>
  <system-out/>
  <testcase classname="com.sat2credit.testcases.LoginScreen" name="verifyPasswordEncryption_TC008" time="0.233"/>
  <system-out/>
  <testcase classname="com.sat2credit.testcases.LoginScreen" name="verifyEyeButton_TC009" time="0.053"/>
  <system-out/>
  <testcase classname="com.sat2credit.testcases.LoginScreen" name="clickOnEyeButton_TC010" time="0.123"/>
  <system-out/>
  <testcase classname="com.sat2credit.testcases.LoginScreen" name="verifyPasswordUnencription_TC011" time="0.309"/>
  <system-out/>
  <testcase classname="com.sat2credit.testcases.LoginScreen" name="verifyPhoneNumberWarningMessage_TC012" time="1.359"/>
  <system-out/>
  <testcase classname="com.sat2credit.testcases.LoginScreen" name="verifyPasswordWarningMessage_TC013" time="1.839"/>
  <system-out/>
  <testcase classname="com.sat2credit.testcases.LoginScreen" name="verifyLoginButton_TC014" time="0.051"/>
  <system-out/>
  <testcase classname="com.sat2credit.testcases.LoginScreen" name="enterValidCredentialsAndClickLoginButton_TC015">
    <skipped/>
  </testcase> <!-- enterValidCredentialsAndClickLoginButton_TC015 -->
  <system-out/>
</testsuite> <!-- com.sat2credit.testcases.LoginScreen -->
