<?xml version="1.0" encoding="UTF-8"?>
<!-- Generated by org.testng.reporters.JUnitReportReporter -->
<testsuite hostname="DESKTOP-74CU5GP" failures="0" tests="15" name="com.sat2credit.testcases.FarmDetailsVerification" time="59.319" errors="0" timestamp="2022-03-31T11:25:53 IST" skipped="0">
  <testcase classname="com.sat2credit.testcases.FarmDetailsVerification" name="moveTOHomePage" time="4.222"/>
  <system-out/>
  <testcase classname="com.sat2credit.testcases.FarmDetailsVerification" name="verifyUser_TC01" time="6.451"/>
  <system-out/>
  <testcase classname="com.sat2credit.testcases.FarmDetailsVerification" name="clickOnFarm_TC02" time="5.488"/>
  <system-out/>
  <testcase classname="com.sat2credit.testcases.FarmDetailsVerification" name="verifyFarmName_TC03" time="0.129"/>
  <system-out/>
  <testcase classname="com.sat2credit.testcases.FarmDetailsVerification" name="verifyFarmDetails_TC04" time="3.909"/>
  <system-out/>
  <testcase classname="com.sat2credit.testcases.FarmDetailsVerification" name="verifyZoomInButton_TC05" time="0.070"/>
  <system-out/>
  <testcase classname="com.sat2credit.testcases.FarmDetailsVerification" name="clickOnZoomInButton_TC06" time="0.100"/>
  <system-out/>
  <testcase classname="com.sat2credit.testcases.FarmDetailsVerification" name="verifyZoomOutButton_TC07" time="0.197"/>
  <system-out/>
  <testcase classname="com.sat2credit.testcases.FarmDetailsVerification" name="clickONZoomOutButton_TC08" time="0.176"/>
  <system-out/>
  <testcase classname="com.sat2credit.testcases.FarmDetailsVerification" name="verifyCreditScoreDetails_TC09" time="6.455"/>
  <system-out/>
  <testcase classname="com.sat2credit.testcases.FarmDetailsVerification" name="verifyRisksDetails_TC10" time="6.417"/>
  <system-out/>
  <testcase classname="com.sat2credit.testcases.FarmDetailsVerification" name="verifyVerificationDetails_TC11" time="6.414"/>
  <system-out/>
  <testcase classname="com.sat2credit.testcases.FarmDetailsVerification" name="verifyIncomeDetails_TC12" time="6.435"/>
  <system-out/>
  <testcase classname="com.sat2credit.testcases.FarmDetailsVerification" name="verifySMDetails_TC13" time="6.414"/>
  <system-out/>
  <testcase classname="com.sat2credit.testcases.FarmDetailsVerification" name="verifyVHIDetails_TC14" time="6.442"/>
  <system-out/>
</testsuite> <!-- com.sat2credit.testcases.FarmDetailsVerification -->
